Using pre-set license
Built from '2020.3/staging' branch; Version is '2020.3.23f1 (c5d91304a876) revision 12966163'; Using compiler version '192528614'; Build Type 'Release'
OS: 'Windows 10 Enterprise LTSC 2019; OS build 17763.1217; Version 1809; 64bit' Language: 'ru' Physical Memory: 8071 MB
BatchMode: 1, IsHumanControllingUs: 0, StartBugReporterOnCrash: 0, Is64bit: 1, IsPro: 0

COMMAND LINE ARGUMENTS:
D:\Unity\Editor\2020.3.23f1\Editor\Unity.exe
-adb2
-batchMode
-noUpm
-name
AssetImportWorker0
-projectPath
D:/Unity/Projects/Prefabs-e
-logFile
Logs/AssetImportWorker0.log
-srvPort
50663
Successfully changed project path to: D:/Unity/Projects/Prefabs-e
D:/Unity/Projects/Prefabs-e
Using Asset Import Pipeline V2.
Refreshing native plugins compatible for Editor in 54.58 ms, found 2 plugins.
Preloading 0 native plugins for Editor in 0.00 ms.
Initialize engine version: 2020.3.23f1 (c5d91304a876)
[Subsystems] Discovering subsystems at path D:/Unity/Editor/2020.3.23f1/Editor/Data/Resources/UnitySubsystems
[Subsystems] Discovering subsystems at path D:/Unity/Projects/Prefabs-e/Assets
GfxDevice: creating device client; threaded=0
Direct3D:
    Version:  Direct3D 11.0 [level 11.0]
    Renderer: NVIDIA GeForce MX110 (ID=0x174e)
    Vendor:   
    VRAM:     2010 MB
    Driver:   27.21.14.5763
Initialize mono
Mono path[0] = 'D:/Unity/Editor/2020.3.23f1/Editor/Data/Managed'
Mono path[1] = 'D:/Unity/Editor/2020.3.23f1/Editor/Data/MonoBleedingEdge/lib/mono/unityjit'
Mono config path = 'D:/Unity/Editor/2020.3.23f1/Editor/Data/MonoBleedingEdge/etc'
Using monoOptions --debugger-agent=transport=dt_socket,embedding=1,server=y,suspend=n,address=127.0.0.1:56396
Begin MonoManager ReloadAssembly
Registering precompiled unity dll's ...
Register platform support module: D:/Unity/Editor/2020.3.23f1/Editor/Data/PlaybackEngines/WindowsStandaloneSupport/UnityEditor.WindowsStandalone.Extensions.dll
Registered in 0.003667 seconds.
Native extension for WindowsStandalone target not found
Refreshing native plugins compatible for Editor in 51.13 ms, found 2 plugins.
Preloading 0 native plugins for Editor in 0.00 ms.
Mono: successfully reloaded assembly
- Completed reload, in  0.911 seconds
Domain Reload Profiling:
	ReloadAssembly (912ms)
		BeginReloadAssembly (71ms)
			ExecutionOrderSort (0ms)
			DisableScriptedObjects (0ms)
			BackupInstance (0ms)
			ReleaseScriptingObjects (0ms)
			CreateAndSetChildDomain (1ms)
		EndReloadAssembly (733ms)
			LoadAssemblies (69ms)
			RebuildTransferFunctionScriptingTraits (0ms)
			SetupTypeCache (262ms)
			ReleaseScriptCaches (0ms)
			RebuildScriptCaches (50ms)
			SetupLoadedEditorAssemblies (266ms)
				LogAssemblyErrors (0ms)
				InitializePlatformSupportModulesInManaged (6ms)
				SetLoadedEditorAssemblies (0ms)
				RefreshPlugins (51ms)
				BeforeProcessingInitializeOnLoad (24ms)
				ProcessInitializeOnLoadAttributes (136ms)
				ProcessInitializeOnLoadMethodAttributes (48ms)
				AfterProcessingInitializeOnLoad (0ms)
				EditorAssembliesLoaded (0ms)
			ExecutionOrderSort2 (0ms)
			AwakeInstancesAfterBackupRestoration (0ms)
Platform modules already initialized, skipping
Registering precompiled user dll's ...
Registered in 0.018098 seconds.
Begin MonoManager ReloadAssembly
Native extension for WindowsStandalone target not found
Refreshing native plugins compatible for Editor in 0.46 ms, found 2 plugins.
Preloading 0 native plugins for Editor in 0.00 ms.
Mono: successfully reloaded assembly
- Completed reload, in  1.599 seconds
Domain Reload Profiling:
	ReloadAssembly (1601ms)
		BeginReloadAssembly (203ms)
			ExecutionOrderSort (0ms)
			DisableScriptedObjects (7ms)
			BackupInstance (0ms)
			ReleaseScriptingObjects (0ms)
			CreateAndSetChildDomain (24ms)
		EndReloadAssembly (1293ms)
			LoadAssemblies (162ms)
			RebuildTransferFunctionScriptingTraits (0ms)
			SetupTypeCache (435ms)
			ReleaseScriptCaches (1ms)
			RebuildScriptCaches (63ms)
			SetupLoadedEditorAssemblies (485ms)
				LogAssemblyErrors (0ms)
				InitializePlatformSupportModulesInManaged (7ms)
				SetLoadedEditorAssemblies (1ms)
				RefreshPlugins (1ms)
				BeforeProcessingInitializeOnLoad (114ms)
				ProcessInitializeOnLoadAttributes (341ms)
				ProcessInitializeOnLoadMethodAttributes (19ms)
				AfterProcessingInitializeOnLoad (3ms)
				EditorAssembliesLoaded (0ms)
			ExecutionOrderSort2 (0ms)
			AwakeInstancesAfterBackupRestoration (10ms)
Platform modules already initialized, skipping
========================================================================
Worker process is ready to serve import requests
Launched and connected shader compiler UnityShaderCompiler.exe after 0.07 seconds
Refreshing native plugins compatible for Editor in 0.48 ms, found 2 plugins.
Preloading 0 native plugins for Editor in 0.00 ms.
Unloading 1498 Unused Serialized files (Serialized files now loaded: 0)
System memory in use before: 67.4 MB.
System memory in use after: 67.5 MB.

Unloading 19 unused Assets to reduce memory usage. Loaded Objects now: 1930.
Total: 4.355800 ms (FindLiveObjects: 0.217100 ms CreateObjectMapping: 0.080500 ms MarkObjects: 3.963700 ms  DeleteObjects: 0.092500 ms)

AssetImportParameters requested are different than current active one (requested -> active):
  custom:framework-win-MediaFoundation: 216162199b28c13a410421893ffa2e32 -> 
  custom:video-decoder-ogg-theora: a1e56fd34408186e4bbccfd4996cb3dc -> 
  custom:container-muxer-webm: aa71ff27fc2769a1b78a27578f13a17b -> 
  custom:container-demuxer-webm: 4f35f7cbe854078d1ac9338744f61a02 -> 
  custom:container-demuxer-ogg: 62fdf1f143b41e24485cea50d1cbac27 -> 
  custom:video-encoder-webm-vp8: eb34c28f22e8b96e1ab97ce403110664 -> 
  custom:video-decoder-webm-vp8: 9c59270c3fd7afecdb556c50c9e8de78 -> 
  custom:audio-decoder-ogg-vorbis: bf7c407c2cedff20999df2af8eb42d56 -> 
  custom:audio-encoder-webm-vorbis: bf7c407c2cedff20999df2af8eb42d56 -> 
========================================================================
Received Import Request.
  path: Assets/Abandoned buildings
  artifactKey: Guid(e97e14361669fc243978bb638fe6105b) Importer(815301076,1909f56bfc062723c751e8b465ee728b)
Start importing Assets/Abandoned buildings using Guid(e97e14361669fc243978bb638fe6105b) Importer(815301076,1909f56bfc062723c751e8b465ee728b)  -> (artifact id: 'f0b475a3ee01843158c8f6b153bbc81e') in 0.005486 seconds 
  Import took 0.008736 seconds .

========================================================================
Received Import Request.
  Time since last request: 3.192125 seconds.
  path: Assets/Abandoned buildings/Scene
  artifactKey: Guid(42a50e7e6cefa824fb09df98e2671cba) Importer(815301076,1909f56bfc062723c751e8b465ee728b)
Start importing Assets/Abandoned buildings/Scene using Guid(42a50e7e6cefa824fb09df98e2671cba) Importer(815301076,1909f56bfc062723c751e8b465ee728b)  -> (artifact id: '0f47841f9ad1b06038b0e814e7cf2ba9') in 0.001748 seconds 
  Import took 0.006158 seconds .

========================================================================
Received Import Request.
  Time since last request: 0.098999 seconds.
  path: Assets/Abandoned buildings/Scene/Cube.mat
  artifactKey: Guid(72dd4f2f070dfe5478848c973207f92d) Importer(815301076,1909f56bfc062723c751e8b465ee728b)
Start importing Assets/Abandoned buildings/Scene/Cube.mat using Guid(72dd4f2f070dfe5478848c973207f92d) Importer(815301076,1909f56bfc062723c751e8b465ee728b)  -> (artifact id: '1c8eae98d7e32901ef29b0083ea60acc') in 0.564820 seconds 
  Import took 0.568372 seconds .

========================================================================
Received Import Request.
  Time since last request: 3.690194 seconds.
  path: Assets/Abandoned buildings/Scene/assets_preview.unity
  artifactKey: Guid(b65fcb4b8c581b84dbe9cf0ead71a226) Importer(815301076,1909f56bfc062723c751e8b465ee728b)
Start importing Assets/Abandoned buildings/Scene/assets_preview.unity using Guid(b65fcb4b8c581b84dbe9cf0ead71a226) Importer(815301076,1909f56bfc062723c751e8b465ee728b)  -> (artifact id: 'd8940bc625836140a6a330586f7c9db8') in 0.002443 seconds 
  Import took 0.006053 seconds .

========================================================================
Received Import Request.
  Time since last request: 6.533501 seconds.
  path: Assets/Abandoned buildings/Prefab
  artifactKey: Guid(898eed1306c30f94aa772261c493c5c2) Importer(815301076,1909f56bfc062723c751e8b465ee728b)
Start importing Assets/Abandoned buildings/Prefab using Guid(898eed1306c30f94aa772261c493c5c2) Importer(815301076,1909f56bfc062723c751e8b465ee728b)  -> (artifact id: 'ae9535e566a4cf9e0fb2fb54d030243c') in 0.001993 seconds 
  Import took 0.005730 seconds .

========================================================================
Received Import Request.
  Time since last request: 1.001585 seconds.
  path: Assets/Abandoned buildings/Prefab/abandoned_buildings
  artifactKey: Guid(5dacbcc3f541e744e9dc0e1e50b8a077) Importer(815301076,1909f56bfc062723c751e8b465ee728b)
Start importing Assets/Abandoned buildings/Prefab/abandoned_buildings using Guid(5dacbcc3f541e744e9dc0e1e50b8a077) Importer(815301076,1909f56bfc062723c751e8b465ee728b)  -> (artifact id: '3eb44d7727863e9e3331bfd7d715599e') in 0.001739 seconds 
  Import took 0.006103 seconds .

========================================================================
Received Import Request.
  Time since last request: 0.085973 seconds.
  path: Assets/Abandoned buildings/Prefab/abandoned_buildings/birdhouse.prefab
  artifactKey: Guid(6c43e81dbb4ea18428ee68fedb9a544c) Importer(815301076,1909f56bfc062723c751e8b465ee728b)
Start importing Assets/Abandoned buildings/Prefab/abandoned_buildings/birdhouse.prefab using Guid(6c43e81dbb4ea18428ee68fedb9a544c) Importer(815301076,1909f56bfc062723c751e8b465ee728b)  -> (artifact id: 'fb78aea93a7652387e2e0e2bddd5b3ec') in 0.487830 seconds 
  Import took 0.494422 seconds .

========================================================================
Received Import Request.
  Time since last request: 0.000343 seconds.
  path: Assets/Abandoned buildings/Prefab/abandoned_buildings/junk_window.prefab
  artifactKey: Guid(a22c9e7ef50fc764da43060141ad70cb) Importer(815301076,1909f56bfc062723c751e8b465ee728b)
Start importing Assets/Abandoned buildings/Prefab/abandoned_buildings/junk_window.prefab using Guid(a22c9e7ef50fc764da43060141ad70cb) Importer(815301076,1909f56bfc062723c751e8b465ee728b)  -> (artifact id: '1948fce9ac1b33271262597bbaebd5a3') in 0.059282 seconds 
  Import took 0.062708 seconds .

========================================================================
Received Import Request.
  Time since last request: 0.000293 seconds.
  path: Assets/Abandoned buildings/Prefab/abandoned_buildings/house_roof.prefab
  artifactKey: Guid(f07c5dd2e7eea7f428902de53a5fe107) Importer(815301076,1909f56bfc062723c751e8b465ee728b)
Start importing Assets/Abandoned buildings/Prefab/abandoned_buildings/house_roof.prefab using Guid(f07c5dd2e7eea7f428902de53a5fe107) Importer(815301076,1909f56bfc062723c751e8b465ee728b)  -> (artifact id: '0390dbaeafb015c1703abec024b32609') in 0.021403 seconds 
  Import took 0.025650 seconds .

========================================================================
Received Import Request.
  Time since last request: 0.000559 seconds.
  path: Assets/Abandoned buildings/Prefab/abandoned_buildings/house_enter.prefab
  artifactKey: Guid(b975c7a470622c540b3e705556ab595e) Importer(815301076,1909f56bfc062723c751e8b465ee728b)
Start importing Assets/Abandoned buildings/Prefab/abandoned_buildings/house_enter.prefab using Guid(b975c7a470622c540b3e705556ab595e) Importer(815301076,1909f56bfc062723c751e8b465ee728b)  -> (artifact id: '1018ab26bde4a2e59a042eecfdd1a0be') in 0.264834 seconds 
  Import took 0.269612 seconds .

========================================================================
Received Import Request.
  Time since last request: 0.000555 seconds.
  path: Assets/Abandoned buildings/Prefab/abandoned_buildings/house_stairs.prefab
  artifactKey: Guid(92639011d2d4c504e80f68a4f024006f) Importer(815301076,1909f56bfc062723c751e8b465ee728b)
Start importing Assets/Abandoned buildings/Prefab/abandoned_buildings/house_stairs.prefab using Guid(92639011d2d4c504e80f68a4f024006f) Importer(815301076,1909f56bfc062723c751e8b465ee728b)  -> (artifact id: 'e74f409e6b861aa8752a106d75246dfd') in 0.023649 seconds 
  Import took 0.027151 seconds .

========================================================================
Received Import Request.
  Time since last request: 0.000313 seconds.
  path: Assets/Abandoned buildings/Prefab/abandoned_buildings/junk_bridge.prefab
  artifactKey: Guid(035f738ac7ca0934aae975915ce9478f) Importer(815301076,1909f56bfc062723c751e8b465ee728b)
Start importing Assets/Abandoned buildings/Prefab/abandoned_buildings/junk_bridge.prefab using Guid(035f738ac7ca0934aae975915ce9478f) Importer(815301076,1909f56bfc062723c751e8b465ee728b)  -> (artifact id: '36b12108d8fee79417b6174292be86e3') in 0.029407 seconds 
  Import took 0.033829 seconds .

========================================================================
Received Import Request.
  Time since last request: 0.000312 seconds.
  path: Assets/Abandoned buildings/Prefab/abandoned_buildings/junk_wind_broke.prefab
  artifactKey: Guid(0632adc36f3af70468bf597efa877832) Importer(815301076,1909f56bfc062723c751e8b465ee728b)
Start importing Assets/Abandoned buildings/Prefab/abandoned_buildings/junk_wind_broke.prefab using Guid(0632adc36f3af70468bf597efa877832) Importer(815301076,1909f56bfc062723c751e8b465ee728b)  -> (artifact id: 'c3c91e59bbad168b8b9928bd5f3124c9') in 0.021298 seconds 
  Import took 0.027120 seconds .

========================================================================
Received Import Request.
  Time since last request: 0.000248 seconds.
  path: Assets/Abandoned buildings/Prefab/abandoned_buildings/stove_burned.prefab
  artifactKey: Guid(32cfb3e46f2c5c9499b88966b82caf77) Importer(815301076,1909f56bfc062723c751e8b465ee728b)
Start importing Assets/Abandoned buildings/Prefab/abandoned_buildings/stove_burned.prefab using Guid(32cfb3e46f2c5c9499b88966b82caf77) Importer(815301076,1909f56bfc062723c751e8b465ee728b)  -> (artifact id: '6dadcb6296c6a17000d0b07547c96bf0') in 0.014673 seconds 
  Import took 0.019336 seconds .

========================================================================
Received Import Request.
  Time since last request: 0.000237 seconds.
  path: Assets/Abandoned buildings/Prefab/abandoned_buildings/house_ruined.prefab
  artifactKey: Guid(b3a53a0efb7c50848b26f6eea91284bb) Importer(815301076,1909f56bfc062723c751e8b465ee728b)
Start importing Assets/Abandoned buildings/Prefab/abandoned_buildings/house_ruined.prefab using Guid(b3a53a0efb7c50848b26f6eea91284bb) Importer(815301076,1909f56bfc062723c751e8b465ee728b)  -> (artifact id: 'ea5a0fb015df6fc4676204d3beb9b29d') in 0.024254 seconds 
  Import took 0.030324 seconds .

========================================================================
Received Import Request.
  Time since last request: 0.000257 seconds.
  path: Assets/Abandoned buildings/Prefab/abandoned_buildings/house_aband.prefab
  artifactKey: Guid(0c33235d8e4ec124b8f0e17c87b30ee1) Importer(815301076,1909f56bfc062723c751e8b465ee728b)
Start importing Assets/Abandoned buildings/Prefab/abandoned_buildings/house_aband.prefab using Guid(0c33235d8e4ec124b8f0e17c87b30ee1) Importer(815301076,1909f56bfc062723c751e8b465ee728b)  -> (artifact id: 'ceb7d2cefa273177ba65888846add6a3') in 0.024511 seconds 
  Import took 0.029147 seconds .

========================================================================
Received Import Request.
  Time since last request: 0.000346 seconds.
  path: Assets/Abandoned buildings/Prefab/abandoned_buildings/pole_wood.prefab
  artifactKey: Guid(b56ffad1c0421324d82ef52ef263d4db) Importer(815301076,1909f56bfc062723c751e8b465ee728b)
Start importing Assets/Abandoned buildings/Prefab/abandoned_buildings/pole_wood.prefab using Guid(b56ffad1c0421324d82ef52ef263d4db) Importer(815301076,1909f56bfc062723c751e8b465ee728b)  -> (artifact id: '1e0367e8f5ab5814feda2d048956451d') in 0.016031 seconds 
  Import took 0.020594 seconds .

========================================================================
Received Import Request.
  Time since last request: 0.000316 seconds.
  path: Assets/Abandoned buildings/Prefab/abandoned_buildings/stove.prefab
  artifactKey: Guid(7476bea84d0c5ee46babced461b99665) Importer(815301076,1909f56bfc062723c751e8b465ee728b)
Start importing Assets/Abandoned buildings/Prefab/abandoned_buildings/stove.prefab using Guid(7476bea84d0c5ee46babced461b99665) Importer(815301076,1909f56bfc062723c751e8b465ee728b)  -> (artifact id: '95438b5cd46e41ebac558be5b043034c') in 0.014967 seconds 
  Import took 0.020086 seconds .

========================================================================
Received Import Request.
  Time since last request: 52.118003 seconds.
  path: Assets/Abandoned buildings/Prefab/abandoned_buildings/house_aband Variant.prefab
  artifactKey: Guid(32a36933ca840394ba16afacc2aa560a) Importer(815301076,1909f56bfc062723c751e8b465ee728b)
Start importing Assets/Abandoned buildings/Prefab/abandoned_buildings/house_aband Variant.prefab using Guid(32a36933ca840394ba16afacc2aa560a) Importer(815301076,1909f56bfc062723c751e8b465ee728b)  -> (artifact id: 'bd948ec7439d80dbf18678aed729c596') in 0.043825 seconds 
  Import took 0.049008 seconds .

AssetImportWorkerClient::OnTransportError - code=2 error=End of file
